# JRE version: OpenJDK Runtime Environment Temurin-21.0.7+6 (21.0.7+6) (build 21.0.7+6-LTS)
# Java VM: OpenJDK 64-Bit Server VM Temurin-21.0.7+6 (21.0.7+6-LTS, mixed mode, sharing, tiered, compressed oops, compressed class ptrs, parallel gc, windows-amd64)
GC Precious Log:
 CardTable entry size: 512
 CPUs: 8 total, 8 available
 Memory: 24473M
 Large Page Support: Disabled
 NUMA Support: Disabled
 Compressed Oops: Enabled (32-bit)
 Alignments: Space 512K, Generation 512K, Heap 2M
 Heap Min Capacity: 100M
 Heap Initial Capacity: 100M
 Heap Max Capacity: 2G
 Pre-touch: Disabled
 Parallel Workers: 8
Heap:
 PSYoungGen      total 4096K, used 4096K [0x00000000d5580000, 0x00000000d6100000, 0x0000000100000000)
  eden space 3584K, 100% used [0x00000000d5580000,0x00000000d5900000,0x00000000d5900000)
  from space 512K, 100% used [0x00000000d5e80000,0x00000000d5f00000,0x00000000d5f00000)
  to   space 4096K, 0% used [0x00000000d5900000,0x00000000d5900000,0x00000000d5d00000)
 ParOldGen       total 1398272K, used 1397847K [0x0000000080000000, 0x00000000d5580000, 0x00000000d5580000)
  object space 1398272K, 99% used [0x0000000080000000,0x00000000d5515c80,0x00000000d5580000)
 Metaspace       used 93083K, committed 94592K, reserved 1179648K
  class space    used 8879K, committed 9600K, reserved 1048576K
GC Heap History (20 events):
Event: 421008.739 GC heap after
{Heap after GC invocations=23998 (full 17):
 PSYoungGen      total 6656K, used 3056K [0x00000000d5580000, 0x00000000d6500000, 0x0000000100000000)
  eden space 3584K, 0% used [0x00000000d5580000,0x00000000d5580000,0x00000000d5900000)
  from space 3072K, 99% used [0x00000000d5a00000,0x00000000d5cfc000,0x00000000d5d00000)
  to   space 6144K, 0% used [0x00000000d5f00000,0x00000000d5f00000,0x00000000d6500000)
 ParOldGen       total 1390592K, used 1390537K [0x0000000080000000, 0x00000000d4e00000, 0x00000000d5580000)
  object space 1390592K, 99% used [0x0000000080000000,0x00000000d4df2530,0x00000000d4e00000)
 Metaspace       used 93083K, committed 94592K, reserved 1179648K
  class space    used 8879K, committed 9600K, reserved 1048576K
}
Event: 421009.061 GC heap before
{Heap before GC invocations=23999 (full 17):
 PSYoungGen      total 6656K, used 6640K [0x00000000d5580000, 0x00000000d6500000, 0x0000000100000000)
  eden space 3584K, 100% used [0x00000000d5580000,0x00000000d5900000,0x00000000d5900000)
  from space 3072K, 99% used [0x00000000d5a00000,0x00000000d5cfc000,0x00000000d5d00000)
  to   space 6144K, 0% used [0x00000000d5f00000,0x00000000d5f00000,0x00000000d6500000)
 ParOldGen       total 1390592K, used 1390537K [0x0000000080000000, 0x00000000d4e00000, 0x00000000d5580000)
  object space 1390592K, 99% used [0x0000000080000000,0x00000000d4df2530,0x00000000d4e00000)
 Metaspace       used 93083K, committed 94592K, reserved 1179648K
  class space    used 8879K, committed 9600K, reserved 1048576K
}
Event: 421009.068 GC heap after
{Heap after GC invocations=23999 (full 17):
 PSYoungGen      total 4096K, used 464K [0x00000000d5580000, 0x00000000d5f80000, 0x0000000100000000)
  eden space 3584K, 0% used [0x00000000d5580000,0x00000000d5580000,0x00000000d5900000)
  from space 512K, 90% used [0x00000000d5f00000,0x00000000d5f74010,0x00000000d5f80000)
  to   space 2560K, 0% used [0x00000000d5a80000,0x00000000d5a80000,0x00000000d5d00000)
 ParOldGen       total 1393664K, used 1393641K [0x0000000080000000, 0x00000000d5100000, 0x00000000d5580000)
  object space 1393664K, 99% used [0x0000000080000000,0x00000000d50fa530,0x00000000d5100000)
 Metaspace       used 93083K, committed 94592K, reserved 1179648K
  class space    used 8879K, committed 9600K, reserved 1048576K
}
Event: 421009.245 GC heap before
{Heap before GC invocations=24000 (full 17):
 PSYoungGen      total 4096K, used 4048K [0x00000000d5580000, 0x00000000d5f80000, 0x0000000100000000)
  eden space 3584K, 100% used [0x00000000d5580000,0x00000000d5900000,0x00000000d5900000)
  from space 512K, 90% used [0x00000000d5f00000,0x00000000d5f74010,0x00000000d5f80000)
  to   space 2560K, 0% used [0x00000000d5a80000,0x00000000d5a80000,0x00000000d5d00000)
 ParOldGen       total 1393664K, used 1393641K [0x0000000080000000, 0x00000000d5100000, 0x00000000d5580000)
  object space 1393664K, 99% used [0x0000000080000000,0x00000000d50fa530,0x00000000d5100000)
 Metaspace       used 93083K, committed 94592K, reserved 1179648K
  class space    used 8879K, committed 9600K, reserved 1048576K
}
Event: 421009.255 GC heap after
{Heap after GC invocations=24000 (full 17):
 PSYoungGen      total 6144K, used 128K [0x00000000d5580000, 0x00000000d5f80000, 0x0000000100000000)
  eden space 3584K, 0% used [0x00000000d5580000,0x00000000d5580000,0x00000000d5900000)
  from space 2560K, 5% used [0x00000000d5a80000,0x00000000d5aa0000,0x00000000d5d00000)
  to   space 1024K, 0% used [0x00000000d5e80000,0x00000000d5e80000,0x00000000d5f80000)
 ParOldGen       total 1394176K, used 1393833K [0x0000000080000000, 0x00000000d5180000, 0x00000000d5580000)
  object space 1394176K, 99% used [0x0000000080000000,0x00000000d512a530,0x00000000d5180000)
 Metaspace       used 93083K, committed 94592K, reserved 1179648K
  class space    used 8879K, committed 9600K, reserved 1048576K
}
Event: 421009.960 GC heap before
{Heap before GC invocations=24001 (full 17):
 PSYoungGen      total 6144K, used 3712K [0x00000000d5580000, 0x00000000d5f80000, 0x0000000100000000)
  eden space 3584K, 100% used [0x00000000d5580000,0x00000000d5900000,0x00000000d5900000)
  from space 2560K, 5% used [0x00000000d5a80000,0x00000000d5aa0000,0x00000000d5d00000)
  to   space 1024K, 0% used [0x00000000d5e80000,0x00000000d5e80000,0x00000000d5f80000)
 ParOldGen       total 1394176K, used 1393833K [0x0000000080000000, 0x00000000d5180000, 0x00000000d5580000)
  object space 1394176K, 99% used [0x0000000080000000,0x00000000d512a530,0x00000000d5180000)
 Metaspace       used 93083K, committed 94592K, reserved 1179648K
  class space    used 8879K, committed 9600K, reserved 1048576K
}
Event: 421009.968 GC heap after
{Heap after GC invocations=24001 (full 17):
 PSYoungGen      total 4096K, used 192K [0x00000000d5580000, 0x00000000d5f00000, 0x0000000100000000)
  eden space 3584K, 0% used [0x00000000d5580000,0x00000000d5580000,0x00000000d5900000)
  from space 512K, 37% used [0x00000000d5e80000,0x00000000d5eb0000,0x00000000d5f00000)
  to   space 512K, 0% used [0x00000000d5e00000,0x00000000d5e00000,0x00000000d5e80000)
 ParOldGen       total 1394176K, used 1393849K [0x0000000080000000, 0x00000000d5180000, 0x00000000d5580000)
  object space 1394176K, 99% used [0x0000000080000000,0x00000000d512e530,0x00000000d5180000)
 Metaspace       used 93083K, committed 94592K, reserved 1179648K
  class space    used 8879K, committed 9600K, reserved 1048576K
}
Event: 421009.986 GC heap before
{Heap before GC invocations=24002 (full 17):
 PSYoungGen      total 4096K, used 3776K [0x00000000d5580000, 0x00000000d5f00000, 0x0000000100000000)
  eden space 3584K, 100% used [0x00000000d5580000,0x00000000d5900000,0x00000000d5900000)
  from space 512K, 37% used [0x00000000d5e80000,0x00000000d5eb0000,0x00000000d5f00000)
  to   space 512K, 0% used [0x00000000d5e00000,0x00000000d5e00000,0x00000000d5e80000)
 ParOldGen       total 1394176K, used 1393849K [0x0000000080000000, 0x00000000d5180000, 0x00000000d5580000)
  object space 1394176K, 99% used [0x0000000080000000,0x00000000d512e530,0x00000000d5180000)
 Metaspace       used 93083K, committed 94592K, reserved 1179648K
  class space    used 8879K, committed 9600K, reserved 1048576K
}
Event: 421009.990 GC heap after
{Heap after GC invocations=24002 (full 17):
 PSYoungGen      total 4096K, used 256K [0x00000000d5580000, 0x00000000d5f00000, 0x0000000100000000)
  eden space 3584K, 0% used [0x00000000d5580000,0x00000000d5580000,0x00000000d5900000)
  from space 512K, 50% used [0x00000000d5e00000,0x00000000d5e40000,0x00000000d5e80000)
  to   space 512K, 0% used [0x00000000d5e80000,0x00000000d5e80000,0x00000000d5f00000)
 ParOldGen       total 1394176K, used 1393897K [0x0000000080000000, 0x00000000d5180000, 0x00000000d5580000)
  object space 1394176K, 99% used [0x0000000080000000,0x00000000d513a530,0x00000000d5180000)
 Metaspace       used 93083K, committed 94592K, reserved 1179648K
  class space    used 8879K, committed 9600K, reserved 1048576K
}
Event: 421010.004 GC heap before
{Heap before GC invocations=24003 (full 17):
 PSYoungGen      total 4096K, used 3840K [0x00000000d5580000, 0x00000000d5f00000, 0x0000000100000000)
  eden space 3584K, 100% used [0x00000000d5580000,0x00000000d5900000,0x00000000d5900000)
  from space 512K, 50% used [0x00000000d5e00000,0x00000000d5e40000,0x00000000d5e80000)
  to   space 512K, 0% used [0x00000000d5e80000,0x00000000d5e80000,0x00000000d5f00000)
 ParOldGen       total 1394176K, used 1393897K [0x0000000080000000, 0x00000000d5180000, 0x00000000d5580000)
  object space 1394176K, 99% used [0x0000000080000000,0x00000000d513a530,0x00000000d5180000)
 Metaspace       used 93083K, committed 94592K, reserved 1179648K
  class space    used 8879K, committed 9600K, reserved 1048576K
}
Event: 421010.008 GC heap after
{Heap after GC invocations=24003 (full 17):
 PSYoungGen      total 4096K, used 256K [0x00000000d5580000, 0x00000000d5f00000, 0x0000000100000000)
  eden space 3584K, 0% used [0x00000000d5580000,0x00000000d5580000,0x00000000d5900000)
  from space 512K, 50% used [0x00000000d5e80000,0x00000000d5ec0000,0x00000000d5f00000)
  to   space 512K, 0% used [0x00000000d5e00000,0x00000000d5e00000,0x00000000d5e80000)
 ParOldGen       total 1394176K, used 1393961K [0x0000000080000000, 0x00000000d5180000, 0x00000000d5580000)
  object space 1394176K, 99% used [0x0000000080000000,0x00000000d514a530,0x00000000d5180000)
 Metaspace       used 93083K, committed 94592K, reserved 1179648K
  class space    used 8879K, committed 9600K, reserved 1048576K
}
Event: 421010.901 GC heap before
{Heap before GC invocations=24004 (full 17):
 PSYoungGen      total 4096K, used 3840K [0x00000000d5580000, 0x00000000d5f00000, 0x0000000100000000)
  eden space 3584K, 100% used [0x00000000d5580000,0x00000000d5900000,0x00000000d5900000)
  from space 512K, 50% used [0x00000000d5e80000,0x00000000d5ec0000,0x00000000d5f00000)
  to   space 512K, 0% used [0x00000000d5e00000,0x00000000d5e00000,0x00000000d5e80000)
 ParOldGen       total 1394176K, used 1393961K [0x0000000080000000, 0x00000000d5180000, 0x00000000d5580000)
  object space 1394176K, 99% used [0x0000000080000000,0x00000000d514a530,0x00000000d5180000)
 Metaspace       used 93083K, committed 94592K, reserved 1179648K
  class space    used 8879K, committed 9600K, reserved 1048576K
}
Event: 421010.905 GC heap after
{Heap after GC invocations=24004 (full 17):
 PSYoungGen      total 4096K, used 512K [0x00000000d5580000, 0x00000000d5f00000, 0x0000000100000000)
  eden space 3584K, 0% used [0x00000000d5580000,0x00000000d5580000,0x00000000d5900000)
  from space 512K, 100% used [0x00000000d5e00000,0x00000000d5e80000,0x00000000d5e80000)
  to   space 512K, 0% used [0x00000000d5e80000,0x00000000d5e80000,0x00000000d5f00000)
 ParOldGen       total 1394176K, used 1393993K [0x0000000080000000, 0x00000000d5180000, 0x00000000d5580000)
  object space 1394176K, 99% used [0x0000000080000000,0x00000000d5152530,0x00000000d5180000)
 Metaspace       used 93083K, committed 94592K, reserved 1179648K
  class space    used 8879K, committed 9600K, reserved 1048576K
}
Event: 421010.919 GC heap before
{Heap before GC invocations=24005 (full 17):
 PSYoungGen      total 4096K, used 4096K [0x00000000d5580000, 0x00000000d5f00000, 0x0000000100000000)
  eden space 3584K, 100% used [0x00000000d5580000,0x00000000d5900000,0x00000000d5900000)
  from space 512K, 100% used [0x00000000d5e00000,0x00000000d5e80000,0x00000000d5e80000)
  to   space 512K, 0% used [0x00000000d5e80000,0x00000000d5e80000,0x00000000d5f00000)
 ParOldGen       total 1394176K, used 1393993K [0x0000000080000000, 0x00000000d5180000, 0x00000000d5580000)
  object space 1394176K, 99% used [0x0000000080000000,0x00000000d5152530,0x00000000d5180000)
 Metaspace       used 93083K, committed 94592K, reserved 1179648K
  class space    used 8879K, committed 9600K, reserved 1048576K
}
Event: 421010.922 GC heap after
{Heap after GC invocations=24005 (full 17):
 PSYoungGen      total 4096K, used 256K [0x00000000d5580000, 0x00000000d5f00000, 0x0000000100000000)
  eden space 3584K, 0% used [0x00000000d5580000,0x00000000d5580000,0x00000000d5900000)
  from space 512K, 50% used [0x00000000d5e80000,0x00000000d5ec0000,0x00000000d5f00000)
  to   space 512K, 0% used [0x00000000d5e00000,0x00000000d5e00000,0x00000000d5e80000)
 ParOldGen       total 1394176K, used 1394057K [0x0000000080000000, 0x00000000d5180000, 0x00000000d5580000)
  object space 1394176K, 99% used [0x0000000080000000,0x00000000d5162530,0x00000000d5180000)
 Metaspace       used 93083K, committed 94592K, reserved 1179648K
  class space    used 8879K, committed 9600K, reserved 1048576K
}
Event: 421011.101 GC heap before
{Heap before GC invocations=24006 (full 17):
 PSYoungGen      total 4096K, used 3840K [0x00000000d5580000, 0x00000000d5f00000, 0x0000000100000000)
  eden space 3584K, 100% used [0x00000000d5580000,0x00000000d5900000,0x00000000d5900000)
  from space 512K, 50% used [0x00000000d5e80000,0x00000000d5ec0000,0x00000000d5f00000)
  to   space 512K, 0% used [0x00000000d5e00000,0x00000000d5e00000,0x00000000d5e80000)
 ParOldGen       total 1394176K, used 1394057K [0x0000000080000000, 0x00000000d5180000, 0x00000000d5580000)
  object space 1394176K, 99% used [0x0000000080000000,0x00000000d5162530,0x00000000d5180000)
 Metaspace       used 93083K, committed 94592K, reserved 1179648K
  class space    used 8879K, committed 9600K, reserved 1048576K
}
Event: 421011.106 GC heap after
{Heap after GC invocations=24006 (full 17):
 PSYoungGen      total 4096K, used 487K [0x00000000d5580000, 0x00000000d5f00000, 0x0000000100000000)
  eden space 3584K, 0% used [0x00000000d5580000,0x00000000d5580000,0x00000000d5900000)
  from space 512K, 95% used [0x00000000d5e00000,0x00000000d5e79e80,0x00000000d5e80000)
  to   space 512K, 0% used [0x00000000d5e80000,0x00000000d5e80000,0x00000000d5f00000)
 ParOldGen       total 1395200K, used 1394792K [0x0000000080000000, 0x00000000d5280000, 0x00000000d5580000)
  object space 1395200K, 99% used [0x0000000080000000,0x00000000d521a3b0,0x00000000d5280000)
 Metaspace       used 93083K, committed 94592K, reserved 1179648K
  class space    used 8879K, committed 9600K, reserved 1048576K
}
Event: 421011.116 GC heap before
{Heap before GC invocations=24007 (full 17):
 PSYoungGen      total 4096K, used 4071K [0x00000000d5580000, 0x00000000d5f00000, 0x0000000100000000)
  eden space 3584K, 100% used [0x00000000d5580000,0x00000000d5900000,0x00000000d5900000)
  from space 512K, 95% used [0x00000000d5e00000,0x00000000d5e79e80,0x00000000d5e80000)
  to   space 512K, 0% used [0x00000000d5e80000,0x00000000d5e80000,0x00000000d5f00000)
 ParOldGen       total 1395200K, used 1394792K [0x0000000080000000, 0x00000000d5280000, 0x00000000d5580000)
  object space 1395200K, 99% used [0x0000000080000000,0x00000000d521a3b0,0x00000000d5280000)
 Metaspace       used 93083K, committed 94592K, reserved 1179648K
  class space    used 8879K, committed 9600K, reserved 1048576K
}
Event: 421011.124 GC heap after
{Heap after GC invocations=24007 (full 17):
 PSYoungGen      total 4096K, used 512K [0x00000000d5580000, 0x00000000d6100000, 0x0000000100000000)
  eden space 3584K, 0% used [0x00000000d5580000,0x00000000d5580000,0x00000000d5900000)
  from space 512K, 100% used [0x00000000d5e80000,0x00000000d5f00000,0x00000000d5f00000)
  to   space 4096K, 0% used [0x00000000d5900000,0x00000000d5900000,0x00000000d5d00000)
 ParOldGen       total 1398272K, used 1397847K [0x0000000080000000, 0x00000000d5580000, 0x00000000d5580000)
  object space 1398272K, 99% used [0x0000000080000000,0x00000000d5515c80,0x00000000d5580000)
 Metaspace       used 93083K, committed 94592K, reserved 1179648K
  class space    used 8879K, committed 9600K, reserved 1048576K
}
Event: 421011.268 GC heap before
{Heap before GC invocations=24008 (full 18):
 PSYoungGen      total 4096K, used 4096K [0x00000000d5580000, 0x00000000d6100000, 0x0000000100000000)
  eden space 3584K, 100% used [0x00000000d5580000,0x00000000d5900000,0x00000000d5900000)
  from space 512K, 100% used [0x00000000d5e80000,0x00000000d5f00000,0x00000000d5f00000)
  to   space 4096K, 0% used [0x00000000d5900000,0x00000000d5900000,0x00000000d5d00000)
 ParOldGen       total 1398272K, used 1397847K [0x0000000080000000, 0x00000000d5580000, 0x00000000d5580000)
  object space 1398272K, 99% used [0x0000000080000000,0x00000000d5515c80,0x00000000d5580000)
 Metaspace       used 93083K, committed 94592K, reserved 1179648K
  class space    used 8879K, committed 9600K, reserved 1048576K
}

